<?xml version="1.0" encoding="UTF-8"?>
<!-- Generated by org.testng.reporters.JUnitReportReporter -->
<testsuite hostname="IN-PG02NKHN" failures="0" tests="2" name="tests.AddToCartTest" time="5.840" errors="0" timestamp="04 Mar 2024 08:01:01 GMT" skipped="0">
  <testcase classname="tests.AddToCartTest" name="AddToCart" time="2.167"/>
  <testcase classname="tests.AddToCartTest" name="switchscreen" time="3.673"/>
</testsuite> <!-- tests.AddToCartTest -->
