<?xml version="1.0" encoding="UTF-8"?>
<!-- Generated by org.testng.reporters.JUnitReportReporter -->
<testsuite hostname="IN-PG02NKHN" failures="0" tests="1" name="tests.InvalidLoginCreditional" time="4.471" errors="0" timestamp="04 Mar 2024 07:38:38 GMT" skipped="0">
  <testcase classname="tests.InvalidLoginCreditional" name="login" time="4.471"/>
</testsuite> <!-- tests.InvalidLoginCreditional -->
