<?xml version="1.0" encoding="UTF-8"?>
<!-- Generated by org.testng.reporters.JUnitReportReporter -->
<testsuite hostname="IN-PG02NKHN" failures="0" tests="2" name="tests.CheckDiscountOption" time="2.720" errors="0" timestamp="04 Mar 2024 08:07:37 GMT" skipped="0">
  <testcase classname="tests.CheckDiscountOption" name="Checkdiscount" time="2.466"/>
  <testcase classname="tests.CheckDiscountOption" name="discount" time="0.254"/>
</testsuite> <!-- tests.CheckDiscountOption -->
