<?xml version="1.0" encoding="UTF-8"?>
<!-- Generated by org.testng.reporters.JUnitReportReporter -->
<testsuite hostname="IN-PG02NKHN" failures="0" tests="1" name="tests.CheckDropdownFilterInWatch" time="5.489" errors="0" timestamp="27 Feb 2024 11:11:01 GMT" skipped="0">
  <testcase classname="tests.CheckDropdownFilterInWatch" name="CheckDropdown" time="5.489"/>
</testsuite> <!-- tests.CheckDropdownFilterInWatch -->
