<?xml version="1.0" encoding="UTF-8"?>
<!-- Generated by org.testng.reporters.JUnitReportReporter -->
<testsuite hostname="IN-PG02NKHN" failures="0" tests="1" name="tests.CheckPrivacyPolicyOption" time="4.393" errors="0" timestamp="28 Feb 2024 04:53:24 GMT" skipped="0">
  <testcase classname="tests.CheckPrivacyPolicyOption" name="OpenSection" time="4.393"/>
</testsuite> <!-- tests.CheckPrivacyPolicyOption -->
