<?xml version="1.0" encoding="UTF-8"?>
<!-- Generated by org.testng.reporters.JUnitReportReporter -->
<testsuite hostname="IN-PG02NKHN" failures="0" tests="1" name="tests.OpenAddToCartOption" time="1.217" errors="0" timestamp="05 Mar 2024 08:31:35 GMT" skipped="0">
  <testcase classname="tests.OpenAddToCartOption" name="OpenAddToCartOpt" time="1.217"/>
</testsuite> <!-- tests.OpenAddToCartOption -->
