<?xml version="1.0" encoding="UTF-8"?>
<!-- Generated by org.testng.reporters.JUnitReportReporter -->
<testsuite hostname="IN-PG02NKHN" failures="0" tests="1" name="tests.ProductSearch" time="2.208" errors="0" timestamp="05 Mar 2024 08:32:01 GMT" skipped="0">
  <testcase classname="tests.ProductSearch" name="SearchProduct" time="2.208"/>
</testsuite> <!-- tests.ProductSearch -->
