<?xml version="1.0" encoding="UTF-8"?>
<!-- Generated by org.testng.reporters.JUnitReportReporter -->
<testsuite hostname="IN-PG02NKHN" failures="0" tests="1" name="tests.CheckMoreOptionNavigiation" time="3.126" errors="0" timestamp="05 Mar 2024 08:30:40 GMT" skipped="0">
  <testcase classname="tests.CheckMoreOptionNavigiation" name="OpenSection" time="3.126"/>
</testsuite> <!-- tests.CheckMoreOptionNavigiation -->
