<?xml version="1.0" encoding="UTF-8"?>
<!-- Generated by org.testng.reporters.JUnitReportReporter -->
<testsuite hostname="IN-PG02NKHN" failures="0" tests="1" name="tests.CheckLoginOptions" time="4.151" errors="0" timestamp="27 Feb 2024 05:30:38 GMT" skipped="0">
  <testcase classname="tests.CheckLoginOptions" name="OpenSection" time="4.151"/>
</testsuite> <!-- tests.CheckLoginOptions -->
