<?xml version="1.0" encoding="UTF-8"?>
<!-- Generated by org.testng.reporters.JUnitReportReporter -->
<testsuite hostname="IN-PG02NKHN" failures="0" tests="1" name="tests.CheckMoreOptionNavigiation" time="3.217" errors="0" timestamp="15 Mar 2024 10:23:42 GMT" skipped="0">
  <testcase classname="tests.CheckMoreOptionNavigiation" name="OpenSection" time="3.217"/>
</testsuite> <!-- tests.CheckMoreOptionNavigiation -->
