<?xml version="1.0" encoding="UTF-8"?>
<!-- Generated by org.testng.reporters.JUnitReportReporter -->
<testsuite hostname="IN-PG02NKHN" failures="0" tests="1" name="tests.CheckBuyNowOption" time="5.560" errors="0" timestamp="14 Mar 2024 09:02:33 GMT" skipped="0">
  <testcase classname="tests.CheckBuyNowOption" name="CheckBuyNowOpt" time="5.560"/>
</testsuite> <!-- tests.CheckBuyNowOption -->
