<?xml version="1.0" encoding="UTF-8"?>
<!-- Generated by org.testng.reporters.JUnitReportReporter -->
<testsuite hostname="IN-PG02NKHN" failures="0" tests="1" name="tests.ValidLoginCreditional" time="4.754" errors="0" timestamp="04 Mar 2024 07:41:08 GMT" skipped="0">
  <testcase classname="tests.ValidLoginCreditional" name="login" time="4.754"/>
</testsuite> <!-- tests.ValidLoginCreditional -->
