<?xml version="1.0" encoding="UTF-8"?>
<!-- Generated by org.testng.reporters.JUnitReportReporter -->
<testsuite hostname="IN-PG02NKHN" failures="0" tests="1" name="tests.CheckAppliciacnesOption" time="3.049" errors="0" timestamp="04 Mar 2024 08:01:40 GMT" skipped="0">
  <testcase classname="tests.CheckAppliciacnesOption" name="Application" time="3.049"/>
</testsuite> <!-- tests.CheckAppliciacnesOption -->
