<?xml version="1.0" encoding="UTF-8"?>
<!-- Generated by org.testng.reporters.JUnitReportReporter -->
<testsuite hostname="IN-PG02NKHN" failures="0" tests="1" name="tests.OpenElectronicOption" time="1.254" errors="0" timestamp="05 Mar 2024 08:31:46 GMT" skipped="0">
  <testcase classname="tests.OpenElectronicOption" name="OpenElectronicOpt" time="1.254"/>
</testsuite> <!-- tests.OpenElectronicOption -->
