<?xml version="1.0" encoding="UTF-8"?>
<!-- Generated by org.testng.reporters.JUnitReportReporter -->
<testsuite hostname="IN-PG02NKHN" failures="0" tests="1" name="tests.OpenProfileTest" time="2.073" errors="0" timestamp="27 Feb 2024 06:12:29 GMT" skipped="0">
  <testcase classname="tests.OpenProfileTest" name="OpenProfile" time="2.073"/>
</testsuite> <!-- tests.OpenProfileTest -->
