<?xml version="1.0" encoding="UTF-8"?>
<!-- Generated by org.testng.reporters.JUnitReportReporter -->
<testsuite hostname="IN-PG02NKHN" failures="0" tests="1" name="tests.CheckAppliciacnesOption" time="3.544" errors="0" timestamp="13 Mar 2024 10:20:40 GMT" skipped="0">
  <testcase classname="tests.CheckAppliciacnesOption" name="Application" time="3.544"/>
</testsuite> <!-- tests.CheckAppliciacnesOption -->
