<?xml version="1.0" encoding="UTF-8"?>
<!-- Generated by org.testng.reporters.JUnitReportReporter -->
<testsuite hostname="IN-PG02NKHN" failures="0" tests="2" name="tests.AddToCartTest" time="6.302" errors="0" timestamp="05 Mar 2024 08:28:42 GMT" skipped="0">
  <testcase classname="tests.AddToCartTest" name="AddToCart" time="2.548"/>
  <testcase classname="tests.AddToCartTest" name="switchscreen" time="3.754"/>
</testsuite> <!-- tests.AddToCartTest -->
