<?xml version="1.0" encoding="UTF-8"?>
<!-- Generated by org.testng.reporters.JUnitReportReporter -->
<testsuite hostname="IN-PG02NKHN" failures="0" tests="1" name="tests.CheckBecomeSellerOption" time="6.246" errors="0" timestamp="05 Mar 2024 08:29:25 GMT" skipped="0">
  <testcase classname="tests.CheckBecomeSellerOption" name="Checkbecomeselleroptions" time="6.246"/>
</testsuite> <!-- tests.CheckBecomeSellerOption -->
