<?xml version="1.0" encoding="UTF-8"?>
<!-- Generated by org.testng.reporters.JUnitReportReporter -->
<testsuite hostname="IN-PG02NKHN" failures="0" tests="2" name="tests.AddToCartTest" time="5.618" errors="0" timestamp="14 Mar 2024 06:48:08 GMT" skipped="0">
  <testcase classname="tests.AddToCartTest" name="AddToCart" time="2.267"/>
  <testcase classname="tests.AddToCartTest" name="switchscreen" time="3.351"/>
</testsuite> <!-- tests.AddToCartTest -->
