<?xml version="1.0" encoding="UTF-8"?>
<!-- Generated by org.testng.reporters.JUnitReportReporter -->
<testsuite hostname="IN-PG02NKHN" failures="0" tests="1" name="tests.CheckNavBackOptionAfterSearchProduct" time="5.609" errors="0" timestamp="04 Mar 2024 08:51:55 GMT" skipped="0">
  <testcase classname="tests.CheckNavBackOptionAfterSearchProduct" name="SearchProduct" time="5.609"/>
</testsuite> <!-- tests.CheckNavBackOptionAfterSearchProduct -->
