<?xml version="1.0" encoding="UTF-8"?>
<!-- Generated by org.testng.reporters.JUnitReportReporter -->
<testsuite hostname="IN-PG02NKHN" failures="0" tests="1" name="tests.CheckBuyNowOption" time="6.419" errors="0" timestamp="05 Mar 2024 08:29:44 GMT" skipped="0">
  <testcase classname="tests.CheckBuyNowOption" name="CheckBuyNowOpt" time="6.419"/>
</testsuite> <!-- tests.CheckBuyNowOption -->
