<?xml version="1.0" encoding="UTF-8"?>
<!-- Generated by org.testng.reporters.JUnitReportReporter -->
<testsuite hostname="IN-PG02NKHN" failures="0" tests="1" name="tests.CheckFilterUsingCheckboxWatch" time="4.268" errors="0" timestamp="05 Mar 2024 08:30:28 GMT" skipped="0">
  <testcase classname="tests.CheckFilterUsingCheckboxWatch" name="Addfilterforwatch" time="4.268"/>
</testsuite> <!-- tests.CheckFilterUsingCheckboxWatch -->
