<?xml version="1.0" encoding="UTF-8"?>
<!-- Generated by org.testng.reporters.JUnitReportReporter -->
<testsuite hostname="IN-PG02NKHN" failures="0" tests="1" name="tests.InvalidLoginCreditional" time="3.849" errors="0" timestamp="05 Mar 2024 08:31:24 GMT" skipped="0">
  <testcase classname="tests.InvalidLoginCreditional" name="login" time="3.849"/>
</testsuite> <!-- tests.InvalidLoginCreditional -->
