<?xml version="1.0" encoding="UTF-8"?>
<!-- Generated by org.testng.reporters.JUnitReportReporter -->
<testsuite hostname="IN-PG02NKHN" failures="0" tests="1" name="tests.CheckFilterUsingCheckboxWatch" time="3.617" errors="0" timestamp="04 Mar 2024 07:35:41 GMT" skipped="0">
  <testcase classname="tests.CheckFilterUsingCheckboxWatch" name="Addfilterforwatch" time="3.617"/>
</testsuite> <!-- tests.CheckFilterUsingCheckboxWatch -->
