<?xml version="1.0" encoding="UTF-8"?>
<!-- Generated by org.testng.reporters.JUnitReportReporter -->
<testsuite hostname="IN-PG02NKHN" failures="0" tests="1" name="tests.OpenElectronicOption$OpenAddToCartOption" time="1.044" errors="0" timestamp="27 Feb 2024 07:23:01 GMT" skipped="0">
  <testcase classname="tests.OpenElectronicOption$OpenAddToCartOption" name="OpenElectronicOpt" time="1.044"/>
</testsuite> <!-- tests.OpenElectronicOption$OpenAddToCartOption -->
