<?xml version="1.0" encoding="UTF-8"?>
<!-- Generated by org.testng.reporters.JUnitReportReporter -->
<testsuite hostname="IN-PG02NKHN" failures="0" tests="2" name="tests.CheckDiscountOption" time="2.357" errors="0" timestamp="14 Mar 2024 09:10:45 GMT" skipped="0">
  <testcase classname="tests.CheckDiscountOption" name="Checkdiscount" time="2.090"/>
  <testcase classname="tests.CheckDiscountOption" name="discount" time="0.267"/>
</testsuite> <!-- tests.CheckDiscountOption -->
