<?xml version="1.0" encoding="UTF-8"?>
<!-- Generated by org.testng.reporters.JUnitReportReporter -->
<testsuite hostname="IN-PG02NKHN" failures="0" tests="2" name="tests.CheckDropdownPriceFilterInWatch" time="4.565" errors="0" timestamp="05 Mar 2024 08:30:14 GMT" skipped="0">
  <testcase classname="tests.CheckDropdownPriceFilterInWatch" name="searchproduct" time="2.319"/>
  <testcase classname="tests.CheckDropdownPriceFilterInWatch" name="FilterDropdown" time="2.246"/>
</testsuite> <!-- tests.CheckDropdownPriceFilterInWatch -->
