<?xml version="1.0" encoding="UTF-8"?>
<!-- Generated by org.testng.reporters.JUnitReportReporter -->
<testsuite hostname="IN-PG02NKHN" failures="0" tests="1" name="tests.AddFilterUsingCheckboxWatch" time="5.436" errors="0" timestamp="27 Feb 2024 10:40:13 GMT" skipped="0">
  <testcase classname="tests.AddFilterUsingCheckboxWatch" name="AddFilter" time="5.436"/>
</testsuite> <!-- tests.AddFilterUsingCheckboxWatch -->
