<?xml version="1.0" encoding="UTF-8"?>
<!-- Generated by org.testng.reporters.JUnitReportReporter -->
<testsuite hostname="IN-PG02NKHN" failures="0" tests="1" name="tests.CheckNavBackOptionAfterSearchProduct" time="6.371" errors="0" timestamp="15 Mar 2024 10:36:09 GMT" skipped="0">
  <testcase classname="tests.CheckNavBackOptionAfterSearchProduct" name="SearchProduct" time="6.371"/>
</testsuite> <!-- tests.CheckNavBackOptionAfterSearchProduct -->
