<?xml version="1.0" encoding="UTF-8"?>
<!-- Generated by org.testng.reporters.JUnitReportReporter -->
<testsuite hostname="IN-PG02NKHN" failures="0" tests="1" name="tests.ValidLoginCreditional" time="3.732" errors="0" timestamp="05 Mar 2024 08:32:16 GMT" skipped="0">
  <testcase classname="tests.ValidLoginCreditional" name="login" time="3.732"/>
</testsuite> <!-- tests.ValidLoginCreditional -->
