<?xml version="1.0" encoding="UTF-8"?>
<!-- Generated by org.testng.reporters.JUnitReportReporter -->
<testsuite hostname="IN-PG02NKHN" failures="0" tests="1" name="tests.CheckBuyNowOption" time="6.203" errors="0" timestamp="04 Mar 2024 08:07:20 GMT" skipped="0">
  <testcase classname="tests.CheckBuyNowOption" name="CheckBuyNowOpt" time="6.203"/>
</testsuite> <!-- tests.CheckBuyNowOption -->
