<?xml version="1.0" encoding="UTF-8"?>
<!-- Generated by org.testng.reporters.JUnitReportReporter -->
<testsuite hostname="IN-PG02NKHN" failures="0" tests="2" name="tests.CheckDropdownPriceFilterInWatch" time="4.568" errors="0" timestamp="04 Mar 2024 08:49:33 GMT" skipped="0">
  <testcase classname="tests.CheckDropdownPriceFilterInWatch" name="searchproduct" time="2.376"/>
  <testcase classname="tests.CheckDropdownPriceFilterInWatch" name="FilterDropdown" time="2.192"/>
</testsuite> <!-- tests.CheckDropdownPriceFilterInWatch -->
