<?xml version="1.0" encoding="UTF-8"?>
<!-- Generated by org.testng.reporters.JUnitReportReporter -->
<testsuite hostname="IN-PG02NKHN" failures="0" tests="1" name="tests.LoginTest" time="3.576" errors="0" timestamp="26 Feb 2024 08:02:44 GMT" skipped="0">
  <testcase classname="tests.LoginTest" name="login" time="3.576"/>
</testsuite> <!-- tests.LoginTest -->
